c:\users\ralph\documents\github\cs3398-cardassians-s2019\release\vc141.pdb
c:\users\ralph\documents\github\cs3398-cardassians-s2019\release\start_menu.obj
c:\users\ralph\documents\github\cs3398-cardassians-s2019\release\pieces.obj
c:\users\ralph\documents\github\cs3398-cardassians-s2019\release\pause_menu.obj
c:\users\ralph\documents\github\cs3398-cardassians-s2019\release\options_menu.obj
c:\users\ralph\documents\github\cs3398-cardassians-s2019\release\main.obj
c:\users\ralph\documents\github\cs3398-cardassians-s2019\release\io.obj
c:\users\ralph\documents\github\cs3398-cardassians-s2019\release\game.obj
c:\users\ralph\documents\github\cs3398-cardassians-s2019\release\difficulty.obj
c:\users\ralph\documents\github\cs3398-cardassians-s2019\release\board.obj
c:\users\ralph\documents\github\cs3398-cardassians-s2019\release\tetris_tutorial_sdl.exe
c:\users\ralph\documents\github\cs3398-cardassians-s2019\release\tetris_tutorial_sdl.pdb
c:\users\ralph\documents\github\cs3398-cardassians-s2019\release\tetris_tutorial_sdl.lib
c:\users\ralph\documents\github\cs3398-cardassians-s2019\release\tetris_tutorial_sdl.exp
c:\users\ralph\documents\github\cs3398-cardassians-s2019\release\tetris_tutorial_sdl.ipdb
c:\users\ralph\documents\github\cs3398-cardassians-s2019\release\tetris_tutorial_sdl.iobj
c:\users\ralph\documents\github\cs3398-cardassians-s2019\release\tetris_t.db328075.tlog\cl.command.1.tlog
c:\users\ralph\documents\github\cs3398-cardassians-s2019\release\tetris_t.db328075.tlog\cl.read.1.tlog
c:\users\ralph\documents\github\cs3398-cardassians-s2019\release\tetris_t.db328075.tlog\cl.write.1.tlog
c:\users\ralph\documents\github\cs3398-cardassians-s2019\release\tetris_t.db328075.tlog\link.command.1.tlog
c:\users\ralph\documents\github\cs3398-cardassians-s2019\release\tetris_t.db328075.tlog\link.read.1.tlog
c:\users\ralph\documents\github\cs3398-cardassians-s2019\release\tetris_t.db328075.tlog\link.write.1.tlog
c:\users\ralph\documents\github\cs3398-cardassians-s2019\release\tetris_t.db328075.tlog\tetris_tutorial_sdl.write.1u.tlog
